<?xml version="1.0" encoding="UTF-8"?>
<!-- Generated by org.testng.reporters.JUnitXMLReporter -->
<testsuite ignored="7" hostname="macbook-MacBook-Pro.local" failures="1" tests="7" name="Smoke Test" time="59.494" errors="0" timestamp="2020-01-19T04:51:17 EST">
  <testcase classname="com.Test1.LoginPageTest" name="adminLogin" time="2.504"/>
  <testcase classname="com.Test1.LoginPageTest" name="loginLogoPresent" time="0.064"/>
  <testcase classname="com.Test1.LoginPageTest" name="mainPageLoaded" time="0.01"/>
  <testcase classname="com.Test1.LoginPageTest" name="userLogin" time="13.387">
    <failure type="org.openqa.selenium.NoSuchElementException" message="no such element: Unable to locate element: {&amp;quot;method&amp;quot;:&amp;quot;xpath&amp;quot;,&amp;quot;selector&amp;quot;:&amp;quot;//a[text()=&amp;apos;Welcome Tuna1&amp;apos;]&amp;quot;}
  (Session info: chrome=79.0.3945.117)
For documentation on this error, please visit: https://www.seleniumhq.org/exceptions/no_such_element.html
Build info: version: &amp;apos;3.141.59&amp;apos;, revision: &amp;apos;e82be7d358&amp;apos;, time: &amp;apos;2018-11-14T08:25:48&amp;apos;
System info: host: &amp;apos;macbook-MacBook-Pro.local&amp;apos;, ip: &amp;apos;fe80:0:0:0:14e8:aca:3430:c290%en0&amp;apos;, os.name: &amp;apos;Mac OS X&amp;apos;, os.arch: &amp;apos;x86_64&amp;apos;, os.version: &amp;apos;10.15.1&amp;apos;, java.version: &amp;apos;12.0.2&amp;apos;
Driver info: org.openqa.selenium.chrome.ChromeDriver
Capabilities {acceptInsecureCerts: false, browserName: chrome, browserVersion: 79.0.3945.117, chrome: {chromedriverVersion: 79.0.3945.36 (3582db32b3389..., userDataDir: /var/folders/93/n994crxj4g3...}, goog:chromeOptions: {debuggerAddress: localhost:62446}, javascriptEnabled: true, networkConnectionEnabled: false, pageLoadStrategy: normal, platform: MAC, platformName: MAC, proxy: Proxy(), setWindowRect: true, strictFileInteractability: false, timeouts: {implicit: 0, pageLoad: 300000, script: 30000}, unhandledPromptBehavior: dismiss and notify}
Session ID: 2036cba00afff92ce167b53d6dededb2
*** Element info: {Using=xpath, value=//a[text()=&amp;apos;Welcome Tuna1&amp;apos;]}">
      <![CDATA[org.openqa.selenium.NoSuchElementException: no such element: Unable to locate element: {"method":"xpath","selector":"//a[text()='Welcome Tuna1']"}
  (Session info: chrome=79.0.3945.117)
For documentation on this error, please visit: https://www.seleniumhq.org/exceptions/no_such_element.html
Build info: version: '3.141.59', revision: 'e82be7d358', time: '2018-11-14T08:25:48'
System info: host: 'macbook-MacBook-Pro.local', ip: 'fe80:0:0:0:14e8:aca:3430:c290%en0', os.name: 'Mac OS X', os.arch: 'x86_64', os.version: '10.15.1', java.version: '12.0.2'
Driver info: org.openqa.selenium.chrome.ChromeDriver
Capabilities {acceptInsecureCerts: false, browserName: chrome, browserVersion: 79.0.3945.117, chrome: {chromedriverVersion: 79.0.3945.36 (3582db32b3389..., userDataDir: /var/folders/93/n994crxj4g3...}, goog:chromeOptions: {debuggerAddress: localhost:62446}, javascriptEnabled: true, networkConnectionEnabled: false, pageLoadStrategy: normal, platform: MAC, platformName: MAC, proxy: Proxy(), setWindowRect: true, strictFileInteractability: false, timeouts: {implicit: 0, pageLoad: 300000, script: 30000}, unhandledPromptBehavior: dismiss and notify}
Session ID: 2036cba00afff92ce167b53d6dededb2
*** Element info: {Using=xpath, value=//a[text()='Welcome Tuna1']}
at org.openqa.selenium.remote.http.W3CHttpResponseCodec.createException(W3CHttpResponseCodec.java:187)
at org.openqa.selenium.remote.http.W3CHttpResponseCodec.decode(W3CHttpResponseCodec.java:122)
at org.openqa.selenium.remote.http.W3CHttpResponseCodec.decode(W3CHttpResponseCodec.java:49)
at org.openqa.selenium.remote.HttpCommandExecutor.execute(HttpCommandExecutor.java:158)
at org.openqa.selenium.remote.service.DriverCommandExecutor.execute(DriverCommandExecutor.java:83)
at org.openqa.selenium.remote.RemoteWebDriver.execute(RemoteWebDriver.java:552)
at org.openqa.selenium.remote.RemoteWebDriver.findElement(RemoteWebDriver.java:323)
at org.openqa.selenium.remote.RemoteWebDriver.findElementByXPath(RemoteWebDriver.java:428)
at org.openqa.selenium.By$ByXPath.findElement(By.java:353)
at org.openqa.selenium.remote.RemoteWebDriver.findElement(RemoteWebDriver.java:315)
at com.Test1.LoginPageTest.userLogin(LoginPageTest.java:55)
at java.base/java.util.ArrayList.forEach(ArrayList.java:1540)
... Removed 32 stack frames]]>
    </failure>
  </testcase> <!-- userLogin -->
  <testcase classname="com.Test2.LogoutfromAllPagesTest" name="outFromAddEmploye" time="4.117"/>
  <testcase classname="com.Test2.LogoutfromAllPagesTest" name="outFromDashboard" time="1.433"/>
  <testcase classname="com.Test2.DashboradPageTest" name="canvasLogo" time="0.619"/>
  <testcase classname="com.Test1.addEmployepageTest" name="negativesearch" time="0.0">
    <ignored/>
  </testcase> <!-- negativesearch -->
  <testcase classname="com.Test1.addEmployepageTest" name="deleteEmployee" time="0.0">
    <ignored/>
  </testcase> <!-- deleteEmployee -->
  <testcase classname="com.Test2.DashboradPageTest" name="checkTimeSheet" time="0.0">
    <ignored/>
  </testcase> <!-- checkTimeSheet -->
  <testcase classname="com.Test1.addEmployepageTest" name="addEmployeeTest" time="0.0">
    <ignored/>
  </testcase> <!-- addEmployeeTest -->
  <testcase classname="com.Test2.LogoutfromAllPagesTest" name="outFromTimesheet" time="0.0">
    <ignored/>
  </testcase> <!-- outFromTimesheet -->
  <testcase classname="com.Test1.LoginPageTest" name="negativeAdminLogin" time="0.0">
    <ignored/>
  </testcase> <!-- negativeAdminLogin -->
  <testcase classname="com.Test2.DashboradPageTest" name="addTimeSheet" time="0.0">
    <ignored/>
  </testcase> <!-- addTimeSheet -->
</testsuite> <!-- Smoke Test -->
