<?xml version="1.0" encoding="UTF-8"?>
<!-- Generated by org.testng.reporters.JUnitXMLReporter -->
<testsuite ignored="17" hostname="macbook-MacBook-Pro.local" failures="3" tests="3" name="Regression Test" time="27.223" errors="0" timestamp="2020-01-30T18:57:58 EST">
  <testcase classname="testcases.DashBoardPageTest" name="addTimeSheet" time="2.166">
    <failure type="java.lang.NullPointerException">
      <![CDATA[java.lang.NullPointerException
at org.openqa.selenium.support.pagefactory.DefaultElementLocator.findElement(DefaultElementLocator.java:69)
at org.openqa.selenium.support.pagefactory.internal.LocatingElementHandler.invoke(LocatingElementHandler.java:38)
at com.sun.proxy.$Proxy15.getWrappedElement(Unknown Source)
at org.openqa.selenium.remote.internal.WebElementToJsonConverter.apply(WebElementToJsonConverter.java:50)
at java.base/java.util.stream.ReferencePipeline$3$1.accept(ReferencePipeline.java:195)
at java.base/java.util.Spliterators$ArraySpliterator.forEachRemaining(Spliterators.java:948)
at java.base/java.util.stream.AbstractPipeline.copyInto(AbstractPipeline.java:484)
at java.base/java.util.stream.AbstractPipeline.wrapAndCopyInto(AbstractPipeline.java:474)
at java.base/java.util.stream.ReduceOps$ReduceOp.evaluateSequential(ReduceOps.java:913)
at java.base/java.util.stream.AbstractPipeline.evaluate(AbstractPipeline.java:234)
at java.base/java.util.stream.ReferencePipeline.collect(ReferencePipeline.java:578)
at org.openqa.selenium.remote.RemoteWebDriver.executeScript(RemoteWebDriver.java:484)
at com.utils.CommonMethods.jsClick(CommonMethods.java:129)
at testcases.DashBoardPageTest.addTimeSheet(DashBoardPageTest.java:33)
at java.base/java.util.ArrayList.forEach(ArrayList.java:1540)
... Removed 27 stack frames]]>
    </failure>
  </testcase> <!-- addTimeSheet -->
  <testcase classname="testcases.DashBoardPageTest" name="canvasLogo" time="6.012">
    <failure type="java.lang.NullPointerException">
      <![CDATA[java.lang.NullPointerException
at org.openqa.selenium.support.pagefactory.DefaultElementLocator.findElement(DefaultElementLocator.java:69)
at org.openqa.selenium.support.pagefactory.internal.LocatingElementHandler.invoke(LocatingElementHandler.java:38)
at com.sun.proxy.$Proxy15.isDisplayed(Unknown Source)
at testcases.DashBoardPageTest.canvasLogo(DashBoardPageTest.java:69)
at java.base/java.util.ArrayList.forEach(ArrayList.java:1540)
... Removed 27 stack frames]]>
    </failure>
  </testcase> <!-- canvasLogo -->
  <testcase classname="testcases.DashBoardPageTest" name="checkTimeSheet" time="3.601">
    <failure type="java.lang.NullPointerException">
      <![CDATA[java.lang.NullPointerException
at org.openqa.selenium.support.pagefactory.DefaultElementLocator.findElement(DefaultElementLocator.java:69)
at org.openqa.selenium.support.pagefactory.internal.LocatingElementHandler.invoke(LocatingElementHandler.java:38)
at com.sun.proxy.$Proxy15.getWrappedElement(Unknown Source)
at org.openqa.selenium.remote.internal.WebElementToJsonConverter.apply(WebElementToJsonConverter.java:50)
at java.base/java.util.stream.ReferencePipeline$3$1.accept(ReferencePipeline.java:195)
at java.base/java.util.Spliterators$ArraySpliterator.forEachRemaining(Spliterators.java:948)
at java.base/java.util.stream.AbstractPipeline.copyInto(AbstractPipeline.java:484)
at java.base/java.util.stream.AbstractPipeline.wrapAndCopyInto(AbstractPipeline.java:474)
at java.base/java.util.stream.ReduceOps$ReduceOp.evaluateSequential(ReduceOps.java:913)
at java.base/java.util.stream.AbstractPipeline.evaluate(AbstractPipeline.java:234)
at java.base/java.util.stream.ReferencePipeline.collect(ReferencePipeline.java:578)
at org.openqa.selenium.remote.RemoteWebDriver.executeScript(RemoteWebDriver.java:484)
at com.utils.CommonMethods.jsClick(CommonMethods.java:129)
at testcases.DashBoardPageTest.checkTimeSheet(DashBoardPageTest.java:21)
at java.base/java.util.ArrayList.forEach(ArrayList.java:1540)
... Removed 27 stack frames]]>
    </failure>
  </testcase> <!-- checkTimeSheet -->
  <testcase classname="testcases.AddEmployeePageTest" name="addMultipleEmpoyee" time="0.0">
    <ignored/>
  </testcase> <!-- addMultipleEmpoyee -->
  <testcase classname="com.testbase.BaseClass" name="@BeforeTest generateReports" time="0.0">
    <ignored/>
  </testcase> <!-- @BeforeTest generateReports -->
  <testcase classname="com.testbase.BaseClass" name="@BeforeTest generateReports" time="0.0">
    <ignored/>
  </testcase> <!-- @BeforeTest generateReports -->
  <testcase classname="com.testbase.BaseClass" name="@BeforeTest generateReports" time="0.0">
    <ignored/>
  </testcase> <!-- @BeforeTest generateReports -->
  <testcase classname="testcases.LoginPageTest" name="negativeLogin" time="0.0">
    <ignored/>
  </testcase> <!-- negativeLogin -->
  <testcase classname="testcases.LoginPageTest" name="loginLogoPresent" time="0.0">
    <ignored/>
  </testcase> <!-- loginLogoPresent -->
  <testcase classname="testcases.OutFromEachPageTest" name="outFromAddEmploye" time="0.0">
    <ignored/>
  </testcase> <!-- outFromAddEmploye -->
  <testcase classname="testcases.OutFromEachPageTest" name="outFromTimesheet" time="0.0">
    <ignored/>
  </testcase> <!-- outFromTimesheet -->
  <testcase classname="testcases.OutFromEachPageTest" name="outFromPerformance" time="0.0">
    <ignored/>
  </testcase> <!-- outFromPerformance -->
  <testcase classname="testcases.LoginPageTest" name="mainPageLoaded" time="0.0">
    <ignored/>
  </testcase> <!-- mainPageLoaded -->
  <testcase classname="testcases.OutFromEachPageTest" name="outFromDashBoard" time="0.0">
    <ignored/>
  </testcase> <!-- outFromDashBoard -->
  <testcase classname="testcases.LoginPageTest" name="multipleLogin" time="0.0">
    <ignored/>
  </testcase> <!-- multipleLogin -->
  <testcase classname="testcases.OutFromEachPageTest" name="outFromRecruitment" time="0.0">
    <ignored/>
  </testcase> <!-- outFromRecruitment -->
  <testcase classname="testcases.OutFromEachPageTest" name="outFromDirectory" time="0.0">
    <ignored/>
  </testcase> <!-- outFromDirectory -->
  <testcase classname="com.testbase.BaseClass" name="@AfterTest writeReport" time="0.0">
    <ignored/>
  </testcase> <!-- @AfterTest writeReport -->
  <testcase classname="com.testbase.BaseClass" name="@AfterTest writeReport" time="0.0">
    <ignored/>
  </testcase> <!-- @AfterTest writeReport -->
  <testcase classname="com.testbase.BaseClass" name="@AfterTest writeReport" time="0.0">
    <ignored/>
  </testcase> <!-- @AfterTest writeReport -->
</testsuite> <!-- Regression Test -->
